c:\users\death\desktop\danghui\danghui\release\vc141.pdb
c:\users\death\desktop\danghui\danghui\release\scan.obj
c:\users\death\desktop\danghui\danghui\release\instance.obj
c:\users\death\desktop\danghui\danghui\release\sha3.obj
c:\users\death\desktop\danghui\danghui\release\sha256.obj
c:\users\death\desktop\danghui\danghui\release\sha1.obj
c:\users\death\desktop\danghui\danghui\release\md5.obj
c:\users\death\desktop\danghui\danghui\release\keccak.obj
c:\users\death\desktop\danghui\danghui\release\digest.obj
c:\users\death\desktop\danghui\danghui\release\crc32.obj
c:\users\death\desktop\danghui\danghui\release\gui.obj
c:\users\death\desktop\danghui\danghui\release\core.obj
c:\users\death\desktop\danghui\danghui\release\convert.obj
c:\users\death\desktop\danghui\danghui\release\loslib.obj
c:\users\death\desktop\danghui\danghui\release\lopcodes.obj
c:\users\death\desktop\danghui\danghui\release\lobject.obj
c:\users\death\desktop\danghui\danghui\release\loadlib.obj
c:\users\death\desktop\danghui\danghui\release\lmem.obj
c:\users\death\desktop\danghui\danghui\release\lmathlib.obj
c:\users\death\desktop\danghui\danghui\release\llex.obj
c:\users\death\desktop\danghui\danghui\release\liolib.obj
c:\users\death\desktop\danghui\danghui\release\linit.obj
c:\users\death\desktop\danghui\danghui\release\lgc.obj
c:\users\death\desktop\danghui\danghui\release\lfunc.obj
c:\users\death\desktop\danghui\danghui\release\ldump.obj
c:\users\death\desktop\danghui\danghui\release\ldo.obj
c:\users\death\desktop\danghui\danghui\release\ldebug.obj
c:\users\death\desktop\danghui\danghui\release\ldblib.obj
c:\users\death\desktop\danghui\danghui\release\lcode.obj
c:\users\death\desktop\danghui\danghui\release\lbaselib.obj
c:\users\death\desktop\danghui\danghui\release\lauxlib.obj
c:\users\death\desktop\danghui\danghui\release\lapi.obj
c:\users\death\desktop\danghui\danghui\release\xxtea.obj
c:\users\death\desktop\danghui\danghui\release\lzio.obj
c:\users\death\desktop\danghui\danghui\release\lvm.obj
c:\users\death\desktop\danghui\danghui\release\lundump.obj
c:\users\death\desktop\danghui\danghui\release\ltm.obj
c:\users\death\desktop\danghui\danghui\release\ltablib.obj
c:\users\death\desktop\danghui\danghui\release\ltable.obj
c:\users\death\desktop\danghui\danghui\release\lstrlib.obj
c:\users\death\desktop\danghui\danghui\release\lstring.obj
c:\users\death\desktop\danghui\danghui\release\lstate.obj
c:\users\death\desktop\danghui\danghui\release\lparser.obj
c:\users\death\desktop\danghui\danghui\release\wrap.obj
c:\users\death\desktop\danghui\prerelease\danghui.ipdb
c:\users\death\desktop\danghui\prerelease\danghui.iobj
c:\users\death\desktop\danghui\prerelease\danghui.dll
c:\users\death\desktop\danghui\prerelease\danghui.pdb
c:\users\death\desktop\danghui\danghui\release\security.obj
c:\users\death\desktop\danghui\danghui\..\prerelease\danghui.dll
c:\users\death\desktop\danghui\danghui\release\danghui.tlog\cl.command.1.tlog
c:\users\death\desktop\danghui\danghui\release\danghui.tlog\cl.read.1.tlog
c:\users\death\desktop\danghui\danghui\release\danghui.tlog\cl.write.1.tlog
c:\users\death\desktop\danghui\danghui\release\danghui.tlog\danghui.write.1u.tlog
c:\users\death\desktop\danghui\danghui\release\danghui.tlog\link.command.1.tlog
c:\users\death\desktop\danghui\danghui\release\danghui.tlog\link.read.1.tlog
c:\users\death\desktop\danghui\danghui\release\danghui.tlog\link.write.1.tlog
