c:\users\thing\desktop\danghui-lvm-main\release\vc142.pdb
c:\users\thing\desktop\danghui-lvm-main\release\scan.obj
c:\users\thing\desktop\danghui-lvm-main\release\instance.obj
c:\users\thing\desktop\danghui-lvm-main\release\sha3.obj
c:\users\thing\desktop\danghui-lvm-main\release\sha256.obj
c:\users\thing\desktop\danghui-lvm-main\release\sha1.obj
c:\users\thing\desktop\danghui-lvm-main\release\md5.obj
c:\users\thing\desktop\danghui-lvm-main\release\keccak.obj
c:\users\thing\desktop\danghui-lvm-main\release\digest.obj
c:\users\thing\desktop\danghui-lvm-main\release\crc32.obj
c:\users\thing\desktop\danghui-lvm-main\release\gui.obj
c:\users\thing\desktop\danghui-lvm-main\release\core.obj
c:\users\thing\desktop\danghui-lvm-main\release\convert.obj
c:\users\thing\desktop\danghui-lvm-main\release\loslib.obj
c:\users\thing\desktop\danghui-lvm-main\release\lopcodes.obj
c:\users\thing\desktop\danghui-lvm-main\release\lobject.obj
c:\users\thing\desktop\danghui-lvm-main\release\loadlib.obj
c:\users\thing\desktop\danghui-lvm-main\release\lmem.obj
c:\users\thing\desktop\danghui-lvm-main\release\lmathlib.obj
c:\users\thing\desktop\danghui-lvm-main\release\llex.obj
c:\users\thing\desktop\danghui-lvm-main\release\liolib.obj
c:\users\thing\desktop\danghui-lvm-main\release\linit.obj
c:\users\thing\desktop\danghui-lvm-main\release\lgc.obj
c:\users\thing\desktop\danghui-lvm-main\release\lfunc.obj
c:\users\thing\desktop\danghui-lvm-main\release\ldump.obj
c:\users\thing\desktop\danghui-lvm-main\release\ldo.obj
c:\users\thing\desktop\danghui-lvm-main\release\ldebug.obj
c:\users\thing\desktop\danghui-lvm-main\release\ldblib.obj
c:\users\thing\desktop\danghui-lvm-main\release\lcode.obj
c:\users\thing\desktop\danghui-lvm-main\release\lbaselib.obj
c:\users\thing\desktop\danghui-lvm-main\release\lauxlib.obj
c:\users\thing\desktop\danghui-lvm-main\release\lapi.obj
c:\users\thing\desktop\danghui-lvm-main\release\xxtea.obj
c:\users\thing\desktop\danghui-lvm-main\release\lzio.obj
c:\users\thing\desktop\danghui-lvm-main\release\lvm.obj
c:\users\thing\desktop\danghui-lvm-main\release\lundump.obj
c:\users\thing\desktop\danghui-lvm-main\release\ltm.obj
c:\users\thing\desktop\danghui-lvm-main\release\ltablib.obj
c:\users\thing\desktop\danghui-lvm-main\release\ltable.obj
c:\users\thing\desktop\danghui-lvm-main\release\lstrlib.obj
c:\users\thing\desktop\danghui-lvm-main\release\lstring.obj
c:\users\thing\desktop\danghui-lvm-main\release\lstate.obj
c:\users\thing\desktop\danghui-lvm-main\release\lparser.obj
c:\users\thing\desktop\danghui-lvm-main\release\wrap.obj
c:\users\thing\desktop\danghui-lvm-main\prerelease\titanv2.dll
c:\users\thing\desktop\danghui-lvm-main\prerelease\titanv2.pdb
c:\users\thing\desktop\prerelease\titanv2.ipdb
c:\users\thing\desktop\prerelease\titanv2.iobj
c:\users\thing\desktop\danghui-lvm-main\prerelease\titanv2.ipdb
c:\users\thing\desktop\danghui-lvm-main\prerelease\titanv2.iobj
c:\users\thing\desktop\danghui-lvm-main\release\vc141.pdb
c:\users\thing\desktop\danghui-lvm-main\release\titanv2.tlog\cl.command.1.tlog
c:\users\thing\desktop\danghui-lvm-main\release\titanv2.tlog\cl.read.1.tlog
c:\users\thing\desktop\danghui-lvm-main\release\titanv2.tlog\cl.write.1.tlog
c:\users\thing\desktop\danghui-lvm-main\release\titanv2.tlog\link.command.1.tlog
c:\users\thing\desktop\danghui-lvm-main\release\titanv2.tlog\link.read.1.tlog
c:\users\thing\desktop\danghui-lvm-main\release\titanv2.tlog\link.write.1.tlog
c:\users\thing\desktop\danghui-lvm-main\release\titanv2.tlog\titanv2.write.1u.tlog
