d:\development\projects\danghui\danghui\release\vc141.pdb
d:\development\projects\danghui\danghui\release\instance.obj
d:\development\projects\danghui\danghui\release\core.obj
d:\development\projects\danghui\danghui\release\convert.obj
d:\development\projects\danghui\danghui\release\wrap.obj
d:\development\projects\danghui\danghui\release\scan.obj
d:\development\projects\danghui\danghui\release\lparser.obj
d:\development\projects\danghui\danghui\release\loslib.obj
d:\development\projects\danghui\danghui\release\lopcodes.obj
d:\development\projects\danghui\danghui\release\lobject.obj
d:\development\projects\danghui\danghui\release\loadlib.obj
d:\development\projects\danghui\danghui\release\lmem.obj
d:\development\projects\danghui\danghui\release\lmathlib.obj
d:\development\projects\danghui\danghui\release\llex.obj
d:\development\projects\danghui\danghui\release\liolib.obj
d:\development\projects\danghui\danghui\release\linit.obj
d:\development\projects\danghui\danghui\release\lgc.obj
d:\development\projects\danghui\danghui\release\lfunc.obj
d:\development\projects\danghui\danghui\release\ldump.obj
d:\development\projects\danghui\danghui\release\ldo.obj
d:\development\projects\danghui\danghui\release\ldebug.obj
d:\development\projects\danghui\danghui\release\ldblib.obj
d:\development\projects\danghui\danghui\release\lcode.obj
d:\development\projects\danghui\danghui\release\lbaselib.obj
d:\development\projects\danghui\danghui\release\lauxlib.obj
d:\development\projects\danghui\danghui\release\lapi.obj
d:\development\projects\danghui\danghui\release\lzio.obj
d:\development\projects\danghui\danghui\release\lvm.obj
d:\development\projects\danghui\danghui\release\lundump.obj
d:\development\projects\danghui\danghui\release\ltm.obj
d:\development\projects\danghui\danghui\release\ltablib.obj
d:\development\projects\danghui\danghui\release\ltable.obj
d:\development\projects\danghui\danghui\release\lstrlib.obj
d:\development\projects\danghui\danghui\release\lstring.obj
d:\development\projects\danghui\danghui\release\lstate.obj
d:\development\projects\danghui\release\danghui.ipdb
d:\development\projects\danghui\release\danghui.iobj
d:\development\projects\danghui\release\danghui.dll
d:\development\projects\danghui\release\danghui.pdb
d:\development\projects\danghui\danghui\release\danghui.tlog\cl.command.1.tlog
d:\development\projects\danghui\danghui\release\danghui.tlog\cl.read.1.tlog
d:\development\projects\danghui\danghui\release\danghui.tlog\cl.write.1.tlog
d:\development\projects\danghui\danghui\release\danghui.tlog\danghui.write.1u.tlog
d:\development\projects\danghui\danghui\release\danghui.tlog\link.command.1.tlog
d:\development\projects\danghui\danghui\release\danghui.tlog\link.read.1.tlog
d:\development\projects\danghui\danghui\release\danghui.tlog\link.write.1.tlog
